<?xml version="1.0" encoding="UTF-8"?>
<!-- Generated by org.testng.reporters.JUnitReportReporter -->
<testsuite hostname="WINDOWS-UNR7VLH" failures="0" tests="1" name="com.Amazon.testcases.language_Tc5_pagefactory" time="29.231" errors="0" timestamp="2023-03-30T18:35:29 IST" skipped="0">
  <testcase classname="com.Amazon.testcases.language_Tc5_pagefactory" name="Tc5_pagefactory" time="29.231"/>
  <system-out/>
</testsuite> <!-- com.Amazon.testcases.language_Tc5_pagefactory -->
