<?xml version="1.0" encoding="UTF-8"?>
<!-- Generated by org.testng.reporters.JUnitReportReporter -->
<testsuite hostname="WINDOWS-UNR7VLH" failures="0" tests="1" name="com.opencart.testcases.Testcase_Pagefactory_TestNG2" time="38.504" errors="0" timestamp="2023-03-28T12:08:38 IST" skipped="0">
  <testcase classname="com.opencart.testcases.Testcase_Pagefactory_TestNG2" name="Testcase2" time="38.504"/>
  <system-out/>
</testsuite> <!-- com.opencart.testcases.Testcase_Pagefactory_TestNG2 -->
