<?xml version="1.0" encoding="UTF-8"?>
<!-- Generated by org.testng.reporters.JUnitReportReporter -->
<testsuite hostname="WINDOWS-UNR7VLH" failures="0" tests="1" name="com.Amazon.testcases.search_Tc2_pagefactory" time="21.936" errors="0" timestamp="2023-04-02T22:28:51 IST" skipped="0">
  <testcase classname="com.Amazon.testcases.search_Tc2_pagefactory" name="Tc2_pagefactory" time="21.936"/>
  <system-out/>
</testsuite> <!-- com.Amazon.testcases.search_Tc2_pagefactory -->
