<?xml version="1.0" encoding="UTF-8"?>
<!-- Generated by org.testng.reporters.JUnitReportReporter -->
<testsuite hostname="WINDOWS-UNR7VLH" failures="0" tests="1" name="labs.Testcase_Pagefactory11_TestNG" time="21.356" errors="0" timestamp="2023-03-24T12:59:30 IST" skipped="0">
  <testcase classname="labs.Testcase_Pagefactory11_TestNG" name="testcase1" time="21.356"/>
  <system-out/>
</testsuite> <!-- labs.Testcase_Pagefactory11_TestNG -->
