<?xml version="1.0" encoding="UTF-8"?>
<!-- Generated by org.testng.reporters.JUnitReportReporter -->
<testsuite hostname="WINDOWS-UNR7VLH" failures="0" tests="1" name="com.Amazon.testcases.addtocart_Tc3_pagefactory" time="29.692" errors="0" timestamp="2023-03-30T17:35:45 IST" skipped="0">
  <testcase classname="com.Amazon.testcases.addtocart_Tc3_pagefactory" name="Tc3_pagefactory" time="29.692"/>
  <system-out/>
</testsuite> <!-- com.Amazon.testcases.addtocart_Tc3_pagefactory -->
