<?xml version="1.0" encoding="UTF-8"?>
<!-- Generated by org.testng.reporters.JUnitReportReporter -->
<testsuite hostname="WINDOWS-UNR7VLH" failures="0" tests="2" name="marchbatch.testngdemo1" time="0.091" errors="0" timestamp="2023-03-24T12:35:02 IST" skipped="0">
  <testcase classname="marchbatch.testngdemo1" name="f" time="0.012"/>
  <system-out/>
  <testcase classname="marchbatch.testngdemo1" name="f" time="0.079"/>
  <system-out/>
</testsuite> <!-- marchbatch.testngdemo1 -->
