<?xml version="1.0" encoding="UTF-8"?>
<!-- Generated by org.testng.reporters.JUnitReportReporter -->
<testsuite hostname="WINDOWS-UNR7VLH" failures="0" tests="1" name="com.Amazon.testcases.Buynow_T4_pagefactory" time="30.883" errors="0" timestamp="2023-03-30T17:31:12 IST" skipped="0">
  <testcase classname="com.Amazon.testcases.Buynow_T4_pagefactory" name="T4_pagefactory" time="30.883"/>
  <system-out/>
</testsuite> <!-- com.Amazon.testcases.Buynow_T4_pagefactory -->
