<?xml version="1.0" encoding="UTF-8"?>
<!-- Generated by org.testng.reporters.JUnitReportReporter -->
<testsuite hostname="WINDOWS-UNR7VLH" failures="0" tests="1" name="marchbatch.Testcase_Pagefactory_TestNG2" time="65.968" errors="0" timestamp="2023-03-24T18:39:29 IST" skipped="0">
  <testcase classname="marchbatch.Testcase_Pagefactory_TestNG2" name="Testcase2" time="65.968"/>
  <system-out/>
</testsuite> <!-- marchbatch.Testcase_Pagefactory_TestNG2 -->
