<?xml version="1.0" encoding="UTF-8"?>
<!-- Generated by org.testng.reporters.JUnitReportReporter -->
<testsuite hostname="WINDOWS-UNR7VLH" failures="0" tests="1" name="marchbatch.Testcase_Pagefactory_TestNG" time="17.612" errors="0" timestamp="2023-03-24T13:07:12 IST" skipped="0">
  <testcase classname="marchbatch.Testcase_Pagefactory_TestNG" name="Testcase2" time="17.612"/>
  <system-out/>
</testsuite> <!-- marchbatch.Testcase_Pagefactory_TestNG -->
